<?xml version="1.0" encoding="UTF-8"?>
<testng-results skipped="0" failed="0" total="1" passed="1">
  <reporter-output>
  </reporter-output>
  <suite name="Default suite" duration-ms="5183" started-at="2019-08-18T18:31:33Z" finished-at="2019-08-18T18:31:38Z">
    <groups>
    </groups>
    <test name="Default test" duration-ms="5183" started-at="2019-08-18T18:31:33Z" finished-at="2019-08-18T18:31:38Z">
      <class name="jiraAPITests.Test1">
        <test-method status="PASS" signature="jiraAppTest()[pri:0, instance:jiraAPITests.Test1@16c0663d]" name="jiraAppTest" duration-ms="5145" started-at="2019-08-19T00:01:33Z" finished-at="2019-08-19T00:01:38Z">
          <reporter-output>
          </reporter-output>
        </test-method> <!-- jiraAppTest -->
      </class> <!-- jiraAPITests.Test1 -->
    </test> <!-- Default test -->
  </suite> <!-- Default suite -->
</testng-results>
